[debug] [2024-03-27T16:20:58.097Z] ----------------------------------------------------------------------
[debug] [2024-03-27T16:20:58.101Z] Command:       C:\Program Files\nodejs\node.exe C:\Users\ALVIN\AppData\Roaming\npm\node_modules\firebase-tools\lib\bin\firebase.js init
[debug] [2024-03-27T16:20:58.101Z] CLI Version:   13.6.0
[debug] [2024-03-27T16:20:58.102Z] Platform:      win32
[debug] [2024-03-27T16:20:58.102Z] Node Version:  v20.11.0
[debug] [2024-03-27T16:20:58.102Z] Time:          Wed Mar 27 2024 16:20:58 GMT+0000 (Greenwich Mean Time)
[debug] [2024-03-27T16:20:58.102Z] ----------------------------------------------------------------------
[debug] 
[debug] [2024-03-27T16:20:58.108Z] > command requires scopes: ["email","openid","https://www.googleapis.com/auth/cloudplatformprojects.readonly","https://www.googleapis.com/auth/firebase","https://www.googleapis.com/auth/cloud-platform"]
[debug] [2024-03-27T16:20:58.109Z] > authorizing via signed-in user (alvinbrocke@gmail.com)
[info] 
     ######## #### ########  ######## ########     ###     ######  ########
     ##        ##  ##     ## ##       ##     ##  ##   ##  ##       ##
     ######    ##  ########  ######   ########  #########  ######  ######
     ##        ##  ##    ##  ##       ##     ## ##     ##       ## ##
     ##       #### ##     ## ######## ########  ##     ##  ######  ########

You're about to initialize a Firebase project in this directory:

  C:\xampp\htdocs\ExotiqueCR

Before we get started, keep in mind:

  * You are currently outside your home directory

[info] 
=== Project Setup
[info] 
[info] First, let's associate this project directory with a Firebase project.
[info] You can create multiple project aliases by running firebase use --add, 
[info] but for now we'll just set up a default project.
[info] 
[debug] [2024-03-27T16:21:28.675Z] > refreshing access token with scopes: []
[debug] [2024-03-27T16:21:28.676Z] >>> [apiv2][query] POST https://www.googleapis.com/oauth2/v3/token [none]
[debug] [2024-03-27T16:21:28.677Z] >>> [apiv2][body] POST https://www.googleapis.com/oauth2/v3/token [omitted]
[debug] [2024-03-27T16:21:29.496Z] <<< [apiv2][status] POST https://www.googleapis.com/oauth2/v3/token 200
[debug] [2024-03-27T16:21:29.496Z] <<< [apiv2][body] POST https://www.googleapis.com/oauth2/v3/token [omitted]
[debug] [2024-03-27T16:21:29.505Z] >>> [apiv2][query] GET https://firebase.googleapis.com/v1beta1/projects pageSize=100
[debug] [2024-03-27T16:21:30.724Z] <<< [apiv2][status] GET https://firebase.googleapis.com/v1beta1/projects 200
[debug] [2024-03-27T16:21:30.724Z] <<< [apiv2][body] GET https://firebase.googleapis.com/v1beta1/projects [omitted]
[info] i  Using project exotiquecr (ExotiqueCR) 
[info] 
=== Hosting Setup
[debug] [2024-03-27T16:21:35.650Z] >>> [apiv2][query] GET https://firebase.googleapis.com/v1beta1/projects/exotiquecr [none]
[debug] [2024-03-27T16:21:36.423Z] <<< [apiv2][status] GET https://firebase.googleapis.com/v1beta1/projects/exotiquecr 200
[debug] [2024-03-27T16:21:36.423Z] <<< [apiv2][body] GET https://firebase.googleapis.com/v1beta1/projects/exotiquecr {"projectId":"exotiquecr","projectNumber":"730862489339","displayName":"ExotiqueCR","name":"projects/exotiquecr","resources":{"hostingSite":"exotiquecr"},"state":"ACTIVE","etag":"1_e926b430-e810-4c7a-8281-c2ff2b37d210"}
[info] 
[info] Your public directory is the folder (relative to your project directory) that
[info] will contain Hosting assets to be uploaded with firebase deploy. If you
[info] have a build process for your assets, use your build's output directory.
[info] 
